{"timestamp": "2026-06-14T01:57:51.268102Z", "timestamp_ns": 1781402271268121900, "action": "CREATE", "resource": "vector", "actor": "test-user", "tenant_id": null, "resource_id": "vec_001", "status": "success", "ip_address": null, "request_id": null}
{"timestamp": "2026-06-14T01:57:51.286725Z", "timestamp_ns": 1781402271286745200, "action": "SEARCH", "resource": "collection", "actor": "api-key-hash", "tenant_id": "acme", "resource_id": "my-docs", "status": "success", "ip_address": "192.168.1.1", "request_id": "req-123", "details": {"query": "test", "k": 10}, "payload_hash": "9329fe62a8d1bb3ca352710cce21f121963447e4ec9138977020d39c2cccc3c4"}
{"timestamp": "2026-06-14T01:57:51.298483Z", "timestamp_ns": 1781402271298498900, "action": "UPDATE", "resource": "vector", "actor": "user", "tenant_id": null, "resource_id": null, "status": "success", "ip_address": null, "request_id": null, "payload_hash": "1fe7af629697b049b3bf31d633e9772057db6a2c666f13d1f1920ff4bf9f7ab1"}
{"timestamp": "2026-06-14T01:57:51.309336Z", "timestamp_ns": 1781402271309353000, "action": "READ", "resource": "vector", "actor": "u1", "tenant_id": null, "resource_id": null, "status": "success", "ip_address": null, "request_id": null}
{"timestamp": "2026-06-14T01:57:51.322876Z", "timestamp_ns": 1781402271322893700, "action": "ACCESS", "resource": "collection", "actor": "admin", "tenant_id": null, "resource_id": "coll_1", "status": "granted", "ip_address": null, "request_id": null}
{"timestamp": "2026-06-14T01:57:51.331423Z", "timestamp_ns": 1781402271331437900, "action": "ACCESS", "resource": "vector", "actor": "anon", "tenant_id": null, "resource_id": "vec_001", "status": "denied", "ip_address": null, "request_id": null}
{"timestamp": "2026-06-14T01:57:51.344946Z", "timestamp_ns": 1781402271344960100, "action": "CREATE", "resource": "api_key", "actor": "admin", "tenant_id": null, "resource_id": "key_001", "status": "success", "ip_address": null, "request_id": null}
{"timestamp": "2026-06-14T01:57:51.358067Z", "timestamp_ns": 1781402271358083900, "action": "DELETE", "resource": "vector", "actor": "user", "tenant_id": null, "resource_id": "vec_001", "status": "success", "ip_address": null, "request_id": null, "payload_hash": "c5b19d277d7fffe8c49849dcf6a72a3d431cbf6346c7438525d7bede0eac68eb"}
{"timestamp": "2026-06-14T01:57:51.367161Z", "timestamp_ns": 1781402271367178000, "action": "CREATE", "resource": "vector", "actor": "u1", "tenant_id": null, "resource_id": null, "status": "success", "ip_address": null, "request_id": null}
{"timestamp": "2026-06-14T01:57:51.367206Z", "timestamp_ns": 1781402271367211700, "action": "DELETE", "resource": "vector", "actor": "u1", "tenant_id": null, "resource_id": null, "status": "success", "ip_address": null, "request_id": null}
{"timestamp": "2026-06-14T01:57:51.367229Z", "timestamp_ns": 1781402271367234100, "action": "SEARCH", "resource": "vector", "actor": "u1", "tenant_id": null, "resource_id": null, "status": "success", "ip_address": null, "request_id": null}
{"timestamp": "2026-06-14T01:57:51.380037Z", "timestamp_ns": 1781402271380054100, "action": "READ", "resource": "vector", "actor": "specific-user", "tenant_id": null, "resource_id": null, "status": "success", "ip_address": null, "request_id": null}
{"timestamp": "2026-06-14T01:57:51.391776Z", "timestamp_ns": 1781402271391793300, "action": "SEARCH", "resource": "vector", "actor": "u1", "tenant_id": "tenant-a", "resource_id": null, "status": "success", "ip_address": null, "request_id": null}
{"timestamp": "2026-06-14T01:57:51.391821Z", "timestamp_ns": 1781402271391827700, "action": "SEARCH", "resource": "vector", "actor": "u2", "tenant_id": "tenant-b", "resource_id": null, "status": "success", "ip_address": null, "request_id": null}
{"timestamp": "2026-06-14T01:57:51.402099Z", "timestamp_ns": 1781402271402115400, "action": "CREATE", "resource": "vector", "actor": "u1", "tenant_id": null, "resource_id": "v0", "status": "success", "ip_address": null, "request_id": null}
{"timestamp": "2026-06-14T01:57:51.402143Z", "timestamp_ns": 1781402271402149000, "action": "CREATE", "resource": "vector", "actor": "u1", "tenant_id": null, "resource_id": "v1", "status": "success", "ip_address": null, "request_id": null}
{"timestamp": "2026-06-14T01:57:51.402166Z", "timestamp_ns": 1781402271402171000, "action": "CREATE", "resource": "vector", "actor": "u1", "tenant_id": null, "resource_id": "v2", "status": "success", "ip_address": null, "request_id": null}
{"timestamp": "2026-06-14T01:57:51.402185Z", "timestamp_ns": 1781402271402190000, "action": "CREATE", "resource": "vector", "actor": "u1", "tenant_id": null, "resource_id": "v3", "status": "success", "ip_address": null, "request_id": null}
{"timestamp": "2026-06-14T01:57:51.402204Z", "timestamp_ns": 1781402271402209100, "action": "CREATE", "resource": "vector", "actor": "u1", "tenant_id": null, "resource_id": "v4", "status": "success", "ip_address": null, "request_id": null}
{"timestamp": "2026-06-14T01:57:51.402222Z", "timestamp_ns": 1781402271402226300, "action": "CREATE", "resource": "vector", "actor": "u1", "tenant_id": null, "resource_id": "v5", "status": "success", "ip_address": null, "request_id": null}
{"timestamp": "2026-06-14T01:57:51.402238Z", "timestamp_ns": 1781402271402242700, "action": "CREATE", "resource": "vector", "actor": "u1", "tenant_id": null, "resource_id": "v6", "status": "success", "ip_address": null, "request_id": null}
{"timestamp": "2026-06-14T01:57:51.403427Z", "timestamp_ns": 1781402271403443900, "action": "CREATE", "resource": "vector", "actor": "u1", "tenant_id": null, "resource_id": "v7", "status": "success", "ip_address": null, "request_id": null}
{"timestamp": "2026-06-14T01:57:51.403468Z", "timestamp_ns": 1781402271403474600, "action": "CREATE", "resource": "vector", "actor": "u1", "tenant_id": null, "resource_id": "v8", "status": "success", "ip_address": null, "request_id": null}
{"timestamp": "2026-06-14T01:57:51.403491Z", "timestamp_ns": 1781402271403496700, "action": "CREATE", "resource": "vector", "actor": "u1", "tenant_id": null, "resource_id": "v9", "status": "success", "ip_address": null, "request_id": null}
{"timestamp": "2026-06-14T01:57:51.403590Z", "timestamp_ns": 1781402271403608100, "action": "CREATE", "resource": "vector", "actor": "u1", "tenant_id": null, "resource_id": "v10", "status": "success", "ip_address": null, "request_id": null}
{"timestamp": "2026-06-14T01:57:51.403646Z", "timestamp_ns": 1781402271403653100, "action": "CREATE", "resource": "vector", "actor": "u1", "tenant_id": null, "resource_id": "v11", "status": "success", "ip_address": null, "request_id": null}
{"timestamp": "2026-06-14T01:57:51.403672Z", "timestamp_ns": 1781402271403677500, "action": "CREATE", "resource": "vector", "actor": "u1", "tenant_id": null, "resource_id": "v12", "status": "success", "ip_address": null, "request_id": null}
{"timestamp": "2026-06-14T01:57:51.403692Z", "timestamp_ns": 1781402271403696500, "action": "CREATE", "resource": "vector", "actor": "u1", "tenant_id": null, "resource_id": "v13", "status": "success", "ip_address": null, "request_id": null}
{"timestamp": "2026-06-14T01:57:51.403709Z", "timestamp_ns": 1781402271403713600, "action": "CREATE", "resource": "vector", "actor": "u1", "tenant_id": null, "resource_id": "v14", "status": "success", "ip_address": null, "request_id": null}
{"timestamp": "2026-06-14T01:57:51.403725Z", "timestamp_ns": 1781402271403730000, "action": "CREATE", "resource": "vector", "actor": "u1", "tenant_id": null, "resource_id": "v15", "status": "success", "ip_address": null, "request_id": null}
{"timestamp": "2026-06-14T01:57:51.403742Z", "timestamp_ns": 1781402271403746900, "action": "CREATE", "resource": "vector", "actor": "u1", "tenant_id": null, "resource_id": "v16", "status": "success", "ip_address": null, "request_id": null}
{"timestamp": "2026-06-14T01:57:51.403759Z", "timestamp_ns": 1781402271403763400, "action": "CREATE", "resource": "vector", "actor": "u1", "tenant_id": null, "resource_id": "v17", "status": "success", "ip_address": null, "request_id": null}
{"timestamp": "2026-06-14T01:57:51.403774Z", "timestamp_ns": 1781402271403779200, "action": "CREATE", "resource": "vector", "actor": "u1", "tenant_id": null, "resource_id": "v18", "status": "success", "ip_address": null, "request_id": null}
{"timestamp": "2026-06-14T01:57:51.403790Z", "timestamp_ns": 1781402271403795100, "action": "CREATE", "resource": "vector", "actor": "u1", "tenant_id": null, "resource_id": "v19", "status": "success", "ip_address": null, "request_id": null}
{"timestamp": "2026-06-14T01:57:51.450387Z", "timestamp_ns": 1781402271450404200, "action": "CREATE", "resource": "vector", "actor": "u1", "tenant_id": null, "resource_id": "v0", "status": "success", "ip_address": null, "request_id": null}
{"timestamp": "2026-06-14T01:57:51.450432Z", "timestamp_ns": 1781402271450438900, "action": "CREATE", "resource": "vector", "actor": "u1", "tenant_id": null, "resource_id": "v1", "status": "success", "ip_address": null, "request_id": null}
{"timestamp": "2026-06-14T01:57:51.450457Z", "timestamp_ns": 1781402271450462200, "action": "CREATE", "resource": "vector", "actor": "u1", "tenant_id": null, "resource_id": "v2", "status": "success", "ip_address": null, "request_id": null}
{"timestamp": "2026-06-14T01:57:51.450477Z", "timestamp_ns": 1781402271450482700, "action": "CREATE", "resource": "vector", "actor": "u1", "tenant_id": null, "resource_id": "v3", "status": "success", "ip_address": null, "request_id": null}
{"timestamp": "2026-06-14T01:57:51.450497Z", "timestamp_ns": 1781402271450501400, "action": "CREATE", "resource": "vector", "actor": "u1", "tenant_id": null, "resource_id": "v4", "status": "success", "ip_address": null, "request_id": null}
{"timestamp": "2026-06-14T01:57:51.450514Z", "timestamp_ns": 1781402271450518700, "action": "CREATE", "resource": "vector", "actor": "u1", "tenant_id": null, "resource_id": "v5", "status": "success", "ip_address": null, "request_id": null}
{"timestamp": "2026-06-14T01:57:51.450531Z", "timestamp_ns": 1781402271450535900, "action": "CREATE", "resource": "vector", "actor": "u1", "tenant_id": null, "resource_id": "v6", "status": "success", "ip_address": null, "request_id": null}
{"timestamp": "2026-06-14T01:57:51.450547Z", "timestamp_ns": 1781402271450552200, "action": "CREATE", "resource": "vector", "actor": "u1", "tenant_id": null, "resource_id": "v7", "status": "success", "ip_address": null, "request_id": null}
{"timestamp": "2026-06-14T01:57:51.450564Z", "timestamp_ns": 1781402271450568300, "action": "CREATE", "resource": "vector", "actor": "u1", "tenant_id": null, "resource_id": "v8", "status": "success", "ip_address": null, "request_id": null}
{"timestamp": "2026-06-14T01:57:51.450599Z", "timestamp_ns": 1781402271450604700, "action": "CREATE", "resource": "vector", "actor": "u1", "tenant_id": null, "resource_id": "v9", "status": "success", "ip_address": null, "request_id": null}
{"timestamp": "2026-06-14T02:05:02.905025Z", "timestamp_ns": 1781402702905034100, "action": "CREATE", "resource": "vector", "actor": "test-user", "tenant_id": null, "resource_id": "vec_001", "status": "success", "ip_address": null, "request_id": null}
{"timestamp": "2026-06-14T02:05:02.909728Z", "timestamp_ns": 1781402702909739400, "action": "SEARCH", "resource": "collection", "actor": "api-key-hash", "tenant_id": "acme", "resource_id": "my-docs", "status": "success", "ip_address": "192.168.1.1", "request_id": "req-123", "details": {"query": "test", "k": 10}, "payload_hash": "9329fe62a8d1bb3ca352710cce21f121963447e4ec9138977020d39c2cccc3c4"}
{"timestamp": "2026-06-14T02:05:02.914355Z", "timestamp_ns": 1781402702914359700, "action": "UPDATE", "resource": "vector", "actor": "user", "tenant_id": null, "resource_id": null, "status": "success", "ip_address": null, "request_id": null, "payload_hash": "1fe7af629697b049b3bf31d633e9772057db6a2c666f13d1f1920ff4bf9f7ab1"}
{"timestamp": "2026-06-14T02:05:03.595147Z", "timestamp_ns": 1781402703595153500, "action": "READ", "resource": "vector", "actor": "u1", "tenant_id": null, "resource_id": null, "status": "success", "ip_address": null, "request_id": null}
{"timestamp": "2026-06-14T02:05:03.598836Z", "timestamp_ns": 1781402703598842400, "action": "ACCESS", "resource": "collection", "actor": "admin", "tenant_id": null, "resource_id": "coll_1", "status": "granted", "ip_address": null, "request_id": null}
{"timestamp": "2026-06-14T02:05:03.602736Z", "timestamp_ns": 1781402703602742500, "action": "ACCESS", "resource": "vector", "actor": "anon", "tenant_id": null, "resource_id": "vec_001", "status": "denied", "ip_address": null, "request_id": null}
{"timestamp": "2026-06-14T02:05:03.606575Z", "timestamp_ns": 1781402703606582000, "action": "CREATE", "resource": "api_key", "actor": "admin", "tenant_id": null, "resource_id": "key_001", "status": "success", "ip_address": null, "request_id": null}
{"timestamp": "2026-06-14T02:05:03.610597Z", "timestamp_ns": 1781402703610604500, "action": "DELETE", "resource": "vector", "actor": "user", "tenant_id": null, "resource_id": "vec_001", "status": "success", "ip_address": null, "request_id": null, "payload_hash": "c5b19d277d7fffe8c49849dcf6a72a3d431cbf6346c7438525d7bede0eac68eb"}
{"timestamp": "2026-06-14T02:05:03.614524Z", "timestamp_ns": 1781402703614533400, "action": "CREATE", "resource": "vector", "actor": "u1", "tenant_id": null, "resource_id": null, "status": "success", "ip_address": null, "request_id": null}
{"timestamp": "2026-06-14T02:05:03.614546Z", "timestamp_ns": 1781402703614548200, "action": "DELETE", "resource": "vector", "actor": "u1", "tenant_id": null, "resource_id": null, "status": "success", "ip_address": null, "request_id": null}
{"timestamp": "2026-06-14T02:05:03.614552Z", "timestamp_ns": 1781402703614553200, "action": "SEARCH", "resource": "vector", "actor": "u1", "tenant_id": null, "resource_id": null, "status": "success", "ip_address": null, "request_id": null}
{"timestamp": "2026-06-14T02:05:03.618740Z", "timestamp_ns": 1781402703618746100, "action": "READ", "resource": "vector", "actor": "specific-user", "tenant_id": null, "resource_id": null, "status": "success", "ip_address": null, "request_id": null}
{"timestamp": "2026-06-14T02:05:03.623030Z", "timestamp_ns": 1781402703623036900, "action": "SEARCH", "resource": "vector", "actor": "u1", "tenant_id": "tenant-a", "resource_id": null, "status": "success", "ip_address": null, "request_id": null}
{"timestamp": "2026-06-14T02:05:03.623043Z", "timestamp_ns": 1781402703623045000, "action": "SEARCH", "resource": "vector", "actor": "u2", "tenant_id": "tenant-b", "resource_id": null, "status": "success", "ip_address": null, "request_id": null}
{"timestamp": "2026-06-14T02:05:03.627020Z", "timestamp_ns": 1781402703627025900, "action": "CREATE", "resource": "vector", "actor": "u1", "tenant_id": null, "resource_id": "v0", "status": "success", "ip_address": null, "request_id": null}
{"timestamp": "2026-06-14T02:05:03.627033Z", "timestamp_ns": 1781402703627034200, "action": "CREATE", "resource": "vector", "actor": "u1", "tenant_id": null, "resource_id": "v1", "status": "success", "ip_address": null, "request_id": null}
{"timestamp": "2026-06-14T02:05:03.627037Z", "timestamp_ns": 1781402703627038600, "action": "CREATE", "resource": "vector", "actor": "u1", "tenant_id": null, "resource_id": "v2", "status": "success", "ip_address": null, "request_id": null}
{"timestamp": "2026-06-14T02:05:03.627041Z", "timestamp_ns": 1781402703627042300, "action": "CREATE", "resource": "vector", "actor": "u1", "tenant_id": null, "resource_id": "v3", "status": "success", "ip_address": null, "request_id": null}
{"timestamp": "2026-06-14T02:05:03.627044Z", "timestamp_ns": 1781402703627045900, "action": "CREATE", "resource": "vector", "actor": "u1", "tenant_id": null, "resource_id": "v4", "status": "success", "ip_address": null, "request_id": null}
{"timestamp": "2026-06-14T02:05:03.627048Z", "timestamp_ns": 1781402703627050000, "action": "CREATE", "resource": "vector", "actor": "u1", "tenant_id": null, "resource_id": "v5", "status": "success", "ip_address": null, "request_id": null}
{"timestamp": "2026-06-14T02:05:03.627053Z", "timestamp_ns": 1781402703627054100, "action": "CREATE", "resource": "vector", "actor": "u1", "tenant_id": null, "resource_id": "v6", "status": "success", "ip_address": null, "request_id": null}
{"timestamp": "2026-06-14T02:05:03.627056Z", "timestamp_ns": 1781402703627057500, "action": "CREATE", "resource": "vector", "actor": "u1", "tenant_id": null, "resource_id": "v7", "status": "success", "ip_address": null, "request_id": null}
{"timestamp": "2026-06-14T02:05:03.627060Z", "timestamp_ns": 1781402703627061100, "action": "CREATE", "resource": "vector", "actor": "u1", "tenant_id": null, "resource_id": "v8", "status": "success", "ip_address": null, "request_id": null}
{"timestamp": "2026-06-14T02:05:03.627063Z", "timestamp_ns": 1781402703627064800, "action": "CREATE", "resource": "vector", "actor": "u1", "tenant_id": null, "resource_id": "v9", "status": "success", "ip_address": null, "request_id": null}
{"timestamp": "2026-06-14T02:05:03.627067Z", "timestamp_ns": 1781402703627068500, "action": "CREATE", "resource": "vector", "actor": "u1", "tenant_id": null, "resource_id": "v10", "status": "success", "ip_address": null, "request_id": null}
{"timestamp": "2026-06-14T02:05:03.627071Z", "timestamp_ns": 1781402703627072500, "action": "CREATE", "resource": "vector", "actor": "u1", "tenant_id": null, "resource_id": "v11", "status": "success", "ip_address": null, "request_id": null}
{"timestamp": "2026-06-14T02:05:03.627075Z", "timestamp_ns": 1781402703627076800, "action": "CREATE", "resource": "vector", "actor": "u1", "tenant_id": null, "resource_id": "v12", "status": "success", "ip_address": null, "request_id": null}
{"timestamp": "2026-06-14T02:05:03.627079Z", "timestamp_ns": 1781402703627080300, "action": "CREATE", "resource": "vector", "actor": "u1", "tenant_id": null, "resource_id": "v13", "status": "success", "ip_address": null, "request_id": null}
{"timestamp": "2026-06-14T02:05:03.627082Z", "timestamp_ns": 1781402703627083900, "action": "CREATE", "resource": "vector", "actor": "u1", "tenant_id": null, "resource_id": "v14", "status": "success", "ip_address": null, "request_id": null}
{"timestamp": "2026-06-14T02:05:03.627086Z", "timestamp_ns": 1781402703627087300, "action": "CREATE", "resource": "vector", "actor": "u1", "tenant_id": null, "resource_id": "v15", "status": "success", "ip_address": null, "request_id": null}
{"timestamp": "2026-06-14T02:05:03.627089Z", "timestamp_ns": 1781402703627090900, "action": "CREATE", "resource": "vector", "actor": "u1", "tenant_id": null, "resource_id": "v16", "status": "success", "ip_address": null, "request_id": null}
{"timestamp": "2026-06-14T02:05:03.627093Z", "timestamp_ns": 1781402703627094500, "action": "CREATE", "resource": "vector", "actor": "u1", "tenant_id": null, "resource_id": "v17", "status": "success", "ip_address": null, "request_id": null}
{"timestamp": "2026-06-14T02:05:03.627096Z", "timestamp_ns": 1781402703627097800, "action": "CREATE", "resource": "vector", "actor": "u1", "tenant_id": null, "resource_id": "v18", "status": "success", "ip_address": null, "request_id": null}
{"timestamp": "2026-06-14T02:05:03.627100Z", "timestamp_ns": 1781402703627101100, "action": "CREATE", "resource": "vector", "actor": "u1", "tenant_id": null, "resource_id": "v19", "status": "success", "ip_address": null, "request_id": null}
{"timestamp": "2026-06-14T02:05:03.634997Z", "timestamp_ns": 1781402703635003800, "action": "CREATE", "resource": "vector", "actor": "u1", "tenant_id": null, "resource_id": "v0", "status": "success", "ip_address": null, "request_id": null}
{"timestamp": "2026-06-14T02:05:03.635011Z", "timestamp_ns": 1781402703635012700, "action": "CREATE", "resource": "vector", "actor": "u1", "tenant_id": null, "resource_id": "v1", "status": "success", "ip_address": null, "request_id": null}
{"timestamp": "2026-06-14T02:05:03.635016Z", "timestamp_ns": 1781402703635017500, "action": "CREATE", "resource": "vector", "actor": "u1", "tenant_id": null, "resource_id": "v2", "status": "success", "ip_address": null, "request_id": null}
{"timestamp": "2026-06-14T02:05:03.635020Z", "timestamp_ns": 1781402703635021500, "action": "CREATE", "resource": "vector", "actor": "u1", "tenant_id": null, "resource_id": "v3", "status": "success", "ip_address": null, "request_id": null}
{"timestamp": "2026-06-14T02:05:03.635024Z", "timestamp_ns": 1781402703635025000, "action": "CREATE", "resource": "vector", "actor": "u1", "tenant_id": null, "resource_id": "v4", "status": "success", "ip_address": null, "request_id": null}
{"timestamp": "2026-06-14T02:05:03.635027Z", "timestamp_ns": 1781402703635028900, "action": "CREATE", "resource": "vector", "actor": "u1", "tenant_id": null, "resource_id": "v5", "status": "success", "ip_address": null, "request_id": null}
{"timestamp": "2026-06-14T02:05:03.635031Z", "timestamp_ns": 1781402703635032300, "action": "CREATE", "resource": "vector", "actor": "u1", "tenant_id": null, "resource_id": "v6", "status": "success", "ip_address": null, "request_id": null}
{"timestamp": "2026-06-14T02:05:03.635035Z", "timestamp_ns": 1781402703635036300, "action": "CREATE", "resource": "vector", "actor": "u1", "tenant_id": null, "resource_id": "v7", "status": "success", "ip_address": null, "request_id": null}
{"timestamp": "2026-06-14T02:05:03.635039Z", "timestamp_ns": 1781402703635040000, "action": "CREATE", "resource": "vector", "actor": "u1", "tenant_id": null, "resource_id": "v8", "status": "success", "ip_address": null, "request_id": null}
{"timestamp": "2026-06-14T02:05:03.635042Z", "timestamp_ns": 1781402703635043600, "action": "CREATE", "resource": "vector", "actor": "u1", "tenant_id": null, "resource_id": "v9", "status": "success", "ip_address": null, "request_id": null}
